\BOOKMARK [1][-]{section.1}{Introduction}{}% 1
\BOOKMARK [2][-]{subsection.1.1}{Main Question}{section.1}% 2
\BOOKMARK [2][-]{subsection.1.2}{Demarcation}{section.1}% 3
\BOOKMARK [3][-]{subsubsection.1.2.1}{Specificity}{subsection.1.2}% 4
\BOOKMARK [3][-]{subsubsection.1.2.2}{Measurability}{subsection.1.2}% 5
\BOOKMARK [3][-]{subsubsection.1.2.3}{Acceptability}{subsection.1.2}% 6
\BOOKMARK [3][-]{subsubsection.1.2.4}{Realistic}{subsection.1.2}% 7
\BOOKMARK [3][-]{subsubsection.1.2.5}{Time-bound}{subsection.1.2}% 8
\BOOKMARK [1][-]{section.2}{Sub-questions}{}% 9
\BOOKMARK [1][-]{section.3}{Research method}{}% 10
\BOOKMARK [2][-]{subsection.3.1}{Literature research as preparation for building the AI}{section.3}% 11
\BOOKMARK [2][-]{subsection.3.2}{Comparing the AI to humans}{section.3}% 12
\BOOKMARK [3][-]{subsubsection.3.2.1}{Percentage of given pictures recognized}{subsection.3.2}% 13
\BOOKMARK [3][-]{subsubsection.3.2.2}{Amount of pictures recognized in a given period of time}{subsection.3.2}% 14
\BOOKMARK [3][-]{subsubsection.3.2.3}{The difference in learning time}{subsection.3.2}% 15
\BOOKMARK [3][-]{subsubsection.3.2.4}{Recognizing people in different stages in their lives}{subsection.3.2}% 16
\BOOKMARK [3][-]{subsubsection.3.2.5}{Teaching the AI other tasks than facial recognition}{subsection.3.2}% 17
\BOOKMARK [3][-]{subsubsection.3.2.6}{One AI performing multiple tasks}{subsection.3.2}% 18
\BOOKMARK [1][-]{section.4}{Convolutional neural networks explained}{}% 19
\BOOKMARK [2][-]{subsection.4.1}{Classical neural networks}{section.4}% 20
\BOOKMARK [2][-]{subsection.4.2}{Convolutional neural networks}{section.4}% 21
\BOOKMARK [3][-]{subsubsection.4.2.1}{Features}{subsection.4.2}% 22
\BOOKMARK [3][-]{subsubsection.4.2.2}{Convolution}{subsection.4.2}% 23
\BOOKMARK [3][-]{subsubsection.4.2.3}{ReLu}{subsection.4.2}% 24
\BOOKMARK [3][-]{subsubsection.4.2.4}{Pooling}{subsection.4.2}% 25
\BOOKMARK [3][-]{subsubsection.4.2.5}{Training}{subsection.4.2}% 26
\BOOKMARK [2][-]{subsection.4.3}{The network}{section.4}% 27
\BOOKMARK [1][-]{section.5}{The code explained}{}% 28
\BOOKMARK [2][-]{subsection.5.1}{The FileHandler class}{section.5}% 29
\BOOKMARK [2][-]{subsection.5.2}{The Preprocessing class}{section.5}% 30
\BOOKMARK [2][-]{subsection.5.3}{The Tensor class}{section.5}% 31
\BOOKMARK [3][-]{subsubsection.5.3.1}{getSerializedDataIndex}{subsection.5.3}% 32
\BOOKMARK [3][-]{subsubsection.5.3.2}{flatten and ReLu}{subsection.5.3}% 33
\BOOKMARK [3][-]{subsubsection.5.3.3}{convolveWith and maxPooling}{subsection.5.3}% 34
\BOOKMARK [3][-]{subsubsection.5.3.4}{reduceDimension}{subsection.5.3}% 35
\BOOKMARK [2][-]{subsection.5.4}{Tensor arithmetic}{section.5}% 36
\BOOKMARK [2][-]{subsection.5.5}{invertMaxPooling and rot180}{section.5}% 37
\BOOKMARK [2][-]{subsection.5.6}{The Training class}{section.5}% 38
\BOOKMARK [2][-]{subsection.5.7}{The ConvolutionalNeuralNetwork class}{section.5}% 39
\BOOKMARK [2][-]{subsection.5.8}{The NeuronLayer class}{section.5}% 40
\BOOKMARK [2][-]{subsection.5.9}{The KernelLayer class}{section.5}% 41
